This file contains any messages produced by compilers while
running configure, to aid debugging if configure makes a mistake.

It was created by libmnl configure 1.0.4, which was
generated by GNU Autoconf 2.69.  Invocation command line was

  $ ./configure --prefix=/home/alex/Projects/EDGESec/lib/libmnl-1.0.4/build CC=/usr/bin/cc --no-create --no-recursion

## --------- ##
## Platform. ##
## --------- ##

hostname = alex-XPS-13-9350
uname -m = x86_64
uname -r = 5.4.0-66-generic
uname -s = Linux
uname -v = #74-Ubuntu SMP Wed Jan 27 22:54:38 UTC 2021

/usr/bin/uname -p = unknown
/bin/uname -X     = unknown

/bin/arch              = unknown
/usr/bin/arch -k       = unknown
/usr/convex/getsysinfo = unknown
/usr/bin/hostinfo      = unknown
/bin/machine           = unknown
/usr/bin/oslevel       = unknown
/bin/universe          = unknown

PATH: /home/alex/.nvm/versions/node/v10.17.0/bin
PATH: /home/alex/.poetry/bin
PATH: /usr/local/texlive/2016/bin/x86_64-linux
PATH: /home/alex/.poetry/bin
PATH: /usr/local/sbin
PATH: /usr/local/bin
PATH: /usr/sbin
PATH: /usr/bin
PATH: /sbin
PATH: /bin
PATH: /usr/games
PATH: /usr/local/games
PATH: /snap/bin


## ----------- ##
## Core tests. ##
## ----------- ##

configure:2162: checking build system type
configure:2176: result: x86_64-pc-linux-gnu
configure:2196: checking host system type
configure:2209: result: x86_64-pc-linux-gnu
configure:2248: checking for a BSD-compatible install
configure:2316: result: /usr/bin/install -c
configure:2327: checking whether build environment is sane
configure:2382: result: yes
configure:2531: checking for a thread-safe mkdir -p
configure:2570: result: /bin/mkdir -p
configure:2577: checking for gawk
configure:2593: found /usr/bin/gawk
configure:2604: result: gawk
configure:2615: checking whether make sets $(MAKE)
configure:2637: result: yes
configure:2666: checking whether make supports nested variables
configure:2683: result: yes
configure:2762: checking how to create a pax tar archive
configure:2773: tar --version
tar (GNU tar) 1.30
Copyright (C) 2017 Free Software Foundation, Inc.
License GPLv3+: GNU GPL version 3 or later <https://gnu.org/licenses/gpl.html>.
This is free software: you are free to change and redistribute it.
There is NO WARRANTY, to the extent permitted by law.

Written by John Gilmore and Jay Fenlason.
configure:2776: $? = 0
configure:2816: tardir=conftest.dir && eval tar --format=posix -chf - "$tardir" >conftest.tar
configure:2819: $? = 0
configure:2823: tar -xf - <conftest.tar
configure:2826: $? = 0
configure:2828: cat conftest.dir/file
GrepMe
configure:2831: $? = 0
configure:2844: result: gnutar
configure:2906: checking whether make supports nested variables
configure:2923: result: yes
configure:2983: checking for gcc
configure:3010: result: /usr/bin/cc
configure:3239: checking for C compiler version
configure:3248: /usr/bin/cc --version >&5
cc (Ubuntu 9.3.0-17ubuntu1~20.04) 9.3.0
Copyright (C) 2019 Free Software Foundation, Inc.
This is free software; see the source for copying conditions.  There is NO
warranty; not even for MERCHANTABILITY or FITNESS FOR A PARTICULAR PURPOSE.

configure:3259: $? = 0
configure:3248: /usr/bin/cc -v >&5
Using built-in specs.
COLLECT_GCC=/usr/bin/cc
COLLECT_LTO_WRAPPER=/usr/lib/gcc/x86_64-linux-gnu/9/lto-wrapper
OFFLOAD_TARGET_NAMES=nvptx-none:hsa
OFFLOAD_TARGET_DEFAULT=1
Target: x86_64-linux-gnu
Configured with: ../src/configure -v --with-pkgversion='Ubuntu 9.3.0-17ubuntu1~20.04' --with-bugurl=file:///usr/share/doc/gcc-9/README.Bugs --enable-languages=c,ada,c++,go,brig,d,fortran,objc,obj-c++,gm2 --prefix=/usr --with-gcc-major-version-only --program-suffix=-9 --program-prefix=x86_64-linux-gnu- --enable-shared --enable-linker-build-id --libexecdir=/usr/lib --without-included-gettext --enable-threads=posix --libdir=/usr/lib --enable-nls --enable-clocale=gnu --enable-libstdcxx-debug --enable-libstdcxx-time=yes --with-default-libstdcxx-abi=new --enable-gnu-unique-object --disable-vtable-verify --enable-plugin --enable-default-pie --with-system-zlib --with-target-system-zlib=auto --enable-objc-gc=auto --enable-multiarch --disable-werror --with-arch-32=i686 --with-abi=m64 --with-multilib-list=m32,m64,mx32 --enable-multilib --with-tune=generic --enable-offload-targets=nvptx-none=/build/gcc-9-HskZEa/gcc-9-9.3.0/debian/tmp-nvptx/usr,hsa --without-cuda-driver --enable-checking=release --build=x86_64-linux-gnu --host=x86_64-linux-gnu --target=x86_64-linux-gnu
Thread model: posix
gcc version 9.3.0 (Ubuntu 9.3.0-17ubuntu1~20.04) 
configure:3259: $? = 0
configure:3248: /usr/bin/cc -V >&5
cc: error: unrecognized command line option '-V'
cc: fatal error: no input files
compilation terminated.
configure:3259: $? = 1
configure:3248: /usr/bin/cc -qversion >&5
cc: error: unrecognized command line option '-qversion'; did you mean '--version'?
cc: fatal error: no input files
compilation terminated.
configure:3259: $? = 1
configure:3279: checking whether the C compiler works
configure:3301: /usr/bin/cc    conftest.c  >&5
configure:3305: $? = 0
configure:3353: result: yes
configure:3356: checking for C compiler default output file name
configure:3358: result: a.out
configure:3364: checking for suffix of executables
configure:3371: /usr/bin/cc -o conftest    conftest.c  >&5
configure:3375: $? = 0
configure:3397: result: 
configure:3419: checking whether we are cross compiling
configure:3427: /usr/bin/cc -o conftest    conftest.c  >&5
configure:3431: $? = 0
configure:3438: ./conftest
configure:3442: $? = 0
configure:3430: result: no
configure:3435: checking for suffix of object files
configure:3457: /usr/bin/cc -c   conftest.c >&5
configure:3461: $? = 0
configure:3482: result: o
configure:3486: checking whether we are using the GNU C compiler
configure:3505: /usr/bin/cc -c   conftest.c >&5
configure:3505: $? = 0
configure:3514: result: yes
configure:3523: checking whether /usr/bin/cc accepts -g
configure:3543: /usr/bin/cc -c -g  conftest.c >&5
configure:3543: $? = 0
configure:3584: result: yes
configure:3601: checking for /usr/bin/cc option to accept ISO C89
configure:3664: /usr/bin/cc  -c -g -O2  conftest.c >&5
configure:3664: $? = 0
configure:3677: result: none needed
configure:3702: checking whether /usr/bin/cc understands -c and -o together
configure:3724: /usr/bin/cc -c conftest.c -o conftest2.o
configure:3727: $? = 0
configure:3724: /usr/bin/cc -c conftest.c -o conftest2.o
configure:3727: $? = 0
configure:3739: result: yes
configure:3759: checking whether make supports the include directive
configure:3774: make -f confmf.GNU && cat confinc.out
make[1]: Entering directory '/home/alex/Projects/EDGESec/lib/libmnl-1.0.4'
make[1]: Leaving directory '/home/alex/Projects/EDGESec/lib/libmnl-1.0.4'
this is the am__doit target
configure:3777: $? = 0
configure:3796: result: yes (GNU style)
configure:3821: checking dependency style of /usr/bin/cc
configure:3932: result: gcc3
configure:4026: checking how to print strings
configure:4053: result: printf
configure:4074: checking for a sed that does not truncate output
configure:4138: result: /bin/sed
configure:4156: checking for grep that handles long lines and -e
configure:4214: result: /bin/grep
configure:4219: checking for egrep
configure:4281: result: /bin/grep -E
configure:4286: checking for fgrep
configure:4348: result: /bin/grep -F
configure:4383: checking for ld used by /usr/bin/cc
configure:4450: result: /usr/bin/ld
configure:4457: checking if the linker (/usr/bin/ld) is GNU ld
configure:4472: result: yes
configure:4484: checking for BSD- or MS-compatible name lister (nm)
configure:4538: result: /usr/bin/nm -B
configure:4668: checking the name lister (/usr/bin/nm -B) interface
configure:4675: /usr/bin/cc -c -g -O2  conftest.c >&5
configure:4678: /usr/bin/nm -B "conftest.o"
configure:4681: output
0000000000000000 B some_variable
configure:4682: result: BSD nm
configure:4685: checking whether ln -s works
configure:4689: result: yes
configure:4697: checking the maximum length of command line arguments
configure:4828: result: 1572864
configure:4876: checking how to convert x86_64-pc-linux-gnu file names to x86_64-pc-linux-gnu format
configure:4916: result: func_convert_file_noop
configure:4923: checking how to convert x86_64-pc-linux-gnu file names to toolchain format
configure:4943: result: func_convert_file_noop
configure:4950: checking for /usr/bin/ld option to reload object files
configure:4957: result: -r
configure:5031: checking for objdump
configure:5047: found /usr/bin/objdump
configure:5058: result: objdump
configure:5090: checking how to recognize dependent libraries
configure:5290: result: pass_all
configure:5375: checking for dlltool
configure:5405: result: no
configure:5435: checking how to associate runtime and link libraries
configure:5462: result: printf %s\n
configure:5523: checking for ar
configure:5539: found /usr/bin/ar
configure:5550: result: ar
configure:5587: checking for archiver @FILE support
configure:5604: /usr/bin/cc -c -g -O2  conftest.c >&5
configure:5604: $? = 0
configure:5607: ar cr libconftest.a @conftest.lst >&5
configure:5610: $? = 0
configure:5615: ar cr libconftest.a @conftest.lst >&5
ar: conftest.o: No such file or directory
configure:5618: $? = 1
configure:5617: result: @
configure:5675: checking for strip
configure:5691: found /usr/bin/strip
configure:5702: result: strip
configure:5774: checking for ranlib
configure:5790: found /usr/bin/ranlib
configure:5801: result: ranlib
configure:5903: checking command to parse /usr/bin/nm -B output from /usr/bin/cc object
configure:6056: /usr/bin/cc -c -g -O2  conftest.c >&5
configure:6059: $? = 0
configure:6063: /usr/bin/nm -B conftest.o | sed -n -e 's/^.*[	 ]\([ABCDGIRSTW][ABCDGIRSTW]*\)[	 ][	 ]*\([_A-Za-z][_A-Za-z0-9]*\)$/\1 \2 \2/p' | sed '/ __gnu_lto/d' > conftest.nm
configure:6129: /usr/bin/cc -o conftest -g -O2   conftest.c conftstm.o >&5
configure:6132: $? = 0
configure:6170: result: ok
configure:6217: checking for sysroot
configure:6247: result: no
configure:6254: checking for a working dd
configure:6292: result: /bin/dd
configure:6296: checking how to truncate binary pipes
configure:6311: result: /bin/dd bs=4096 count=1
configure:6447: /usr/bin/cc -c -g -O2  conftest.c >&5
configure:6450: $? = 0
configure:6640: checking for mt
configure:6656: found /bin/mt
configure:6667: result: mt
configure:6690: checking if mt is a manifest tool
configure:6696: mt '-?'
configure:6704: result: no
configure:7381: checking how to run the C preprocessor
configure:7412: /usr/bin/cc -E  conftest.c
configure:7412: $? = 0
configure:7426: /usr/bin/cc -E  conftest.c
conftest.c:11:10: fatal error: ac_nonexistent.h: No such file or directory
   11 | #include <ac_nonexistent.h>
      |          ^~~~~~~~~~~~~~~~~~
compilation terminated.
configure:7426: $? = 1
configure: failed program was:
| /* confdefs.h */
| #define PACKAGE_NAME "libmnl"
| #define PACKAGE_TARNAME "libmnl"
| #define PACKAGE_VERSION "1.0.4"
| #define PACKAGE_STRING "libmnl 1.0.4"
| #define PACKAGE_BUGREPORT ""
| #define PACKAGE_URL ""
| #define PACKAGE "libmnl"
| #define VERSION "1.0.4"
| /* end confdefs.h.  */
| #include <ac_nonexistent.h>
configure:7451: result: /usr/bin/cc -E
configure:7471: /usr/bin/cc -E  conftest.c
configure:7471: $? = 0
configure:7485: /usr/bin/cc -E  conftest.c
conftest.c:11:10: fatal error: ac_nonexistent.h: No such file or directory
   11 | #include <ac_nonexistent.h>
      |          ^~~~~~~~~~~~~~~~~~
compilation terminated.
configure:7485: $? = 1
configure: failed program was:
| /* confdefs.h */
| #define PACKAGE_NAME "libmnl"
| #define PACKAGE_TARNAME "libmnl"
| #define PACKAGE_VERSION "1.0.4"
| #define PACKAGE_STRING "libmnl 1.0.4"
| #define PACKAGE_BUGREPORT ""
| #define PACKAGE_URL ""
| #define PACKAGE "libmnl"
| #define VERSION "1.0.4"
| /* end confdefs.h.  */
| #include <ac_nonexistent.h>
configure:7514: checking for ANSI C header files
configure:7534: /usr/bin/cc -c -g -O2  conftest.c >&5
configure:7534: $? = 0
configure:7607: /usr/bin/cc -o conftest -g -O2   conftest.c  >&5
configure:7607: $? = 0
configure:7607: ./conftest
configure:7607: $? = 0
configure:7618: result: yes
configure:7631: checking for sys/types.h
configure:7631: /usr/bin/cc -c -g -O2  conftest.c >&5
configure:7631: $? = 0
configure:7631: result: yes
configure:7631: checking for sys/stat.h
configure:7631: /usr/bin/cc -c -g -O2  conftest.c >&5
configure:7631: $? = 0
configure:7631: result: yes
configure:7631: checking for stdlib.h
configure:7631: /usr/bin/cc -c -g -O2  conftest.c >&5
configure:7631: $? = 0
configure:7631: result: yes
configure:7631: checking for string.h
configure:7631: /usr/bin/cc -c -g -O2  conftest.c >&5
configure:7631: $? = 0
configure:7631: result: yes
configure:7631: checking for memory.h
configure:7631: /usr/bin/cc -c -g -O2  conftest.c >&5
configure:7631: $? = 0
configure:7631: result: yes
configure:7631: checking for strings.h
configure:7631: /usr/bin/cc -c -g -O2  conftest.c >&5
configure:7631: $? = 0
configure:7631: result: yes
configure:7631: checking for inttypes.h
configure:7631: /usr/bin/cc -c -g -O2  conftest.c >&5
configure:7631: $? = 0
configure:7631: result: yes
configure:7631: checking for stdint.h
configure:7631: /usr/bin/cc -c -g -O2  conftest.c >&5
configure:7631: $? = 0
configure:7631: result: yes
configure:7631: checking for unistd.h
configure:7631: /usr/bin/cc -c -g -O2  conftest.c >&5
configure:7631: $? = 0
configure:7631: result: yes
configure:7645: checking for dlfcn.h
configure:7645: /usr/bin/cc -c -g -O2  conftest.c >&5
configure:7645: $? = 0
configure:7645: result: yes
configure:7871: checking for objdir
configure:7886: result: .libs
configure:8150: checking if /usr/bin/cc supports -fno-rtti -fno-exceptions
configure:8168: /usr/bin/cc -c -g -O2  -fno-rtti -fno-exceptions conftest.c >&5
cc1: warning: command line option '-fno-rtti' is valid for C++/D/ObjC++ but not for C
configure:8172: $? = 0
configure:8185: result: no
configure:8549: checking for /usr/bin/cc option to produce PIC
configure:8556: result: -fPIC -DPIC
configure:8564: checking if /usr/bin/cc PIC flag -fPIC -DPIC works
configure:8582: /usr/bin/cc -c -g -O2  -fPIC -DPIC -DPIC conftest.c >&5
configure:8586: $? = 0
configure:8599: result: yes
configure:8628: checking if /usr/bin/cc static flag -static works
configure:8656: result: yes
configure:8671: checking if /usr/bin/cc supports -c -o file.o
configure:8692: /usr/bin/cc -c -g -O2  -o out/conftest2.o conftest.c >&5
configure:8696: $? = 0
configure:8718: result: yes
configure:8726: checking if /usr/bin/cc supports -c -o file.o
configure:8773: result: yes
configure:8806: checking whether the /usr/bin/cc linker (/usr/bin/ld -m elf_x86_64) supports shared libraries
configure:10069: result: yes
configure:10106: checking whether -lc should be explicitly linked in
configure:10114: /usr/bin/cc -c -g -O2  conftest.c >&5
configure:10117: $? = 0
configure:10132: /usr/bin/cc -shared  -fPIC -DPIC conftest.o  -v -Wl,-soname -Wl,conftest -o conftest 2\>\&1 \| /bin/grep  -lc  \>/dev/null 2\>\&1
configure:10135: $? = 0
configure:10149: result: no
configure:10309: checking dynamic linker characteristics
configure:10890: /usr/bin/cc -o conftest -g -O2   -Wl,-rpath -Wl,/foo conftest.c  >&5
configure:10890: $? = 0
configure:11139: result: GNU/Linux ld.so
configure:11261: checking how to hardcode library paths into programs
configure:11286: result: immediate
configure:11834: checking whether stripping libraries is possible
configure:11839: result: yes
configure:11874: checking if libtool supports shared libraries
configure:11876: result: yes
configure:11879: checking whether to build shared libraries
configure:11904: result: yes
configure:11907: checking whether to build static libraries
configure:11911: result: no
configure:8733: checking whether compiler accepts -fvisibility=hidden
configure:8742: /usr/bin/cc -c -g -O2 -fvisibility=hidden  conftest.c >&5
configure:8742: $? = 0
configure:8750: result: yes
configure:8881: checking that generated files are newer than configure
configure:8887: result: done
configure:8910: creating ./config.status

## ---------------- ##
## Cache variables. ##
## ---------------- ##

ac_cv_build=x86_64-pc-linux-gnu
ac_cv_c_compiler_gnu=yes
ac_cv_env_CC_set=set
ac_cv_env_CC_value=/usr/bin/cc
ac_cv_env_CFLAGS_set=
ac_cv_env_CFLAGS_value=
ac_cv_env_CPPFLAGS_set=
ac_cv_env_CPPFLAGS_value=
ac_cv_env_CPP_set=
ac_cv_env_CPP_value=
ac_cv_env_LDFLAGS_set=
ac_cv_env_LDFLAGS_value=
ac_cv_env_LIBS_set=
ac_cv_env_LIBS_value=
ac_cv_env_LT_SYS_LIBRARY_PATH_set=
ac_cv_env_LT_SYS_LIBRARY_PATH_value=
ac_cv_env_build_alias_set=
ac_cv_env_build_alias_value=
ac_cv_env_host_alias_set=
ac_cv_env_host_alias_value=
ac_cv_env_target_alias_set=
ac_cv_env_target_alias_value=
ac_cv_fvisibility_hidden=yes
ac_cv_header_dlfcn_h=yes
ac_cv_header_inttypes_h=yes
ac_cv_header_memory_h=yes
ac_cv_header_stdc=yes
ac_cv_header_stdint_h=yes
ac_cv_header_stdlib_h=yes
ac_cv_header_string_h=yes
ac_cv_header_strings_h=yes
ac_cv_header_sys_stat_h=yes
ac_cv_header_sys_types_h=yes
ac_cv_header_unistd_h=yes
ac_cv_host=x86_64-pc-linux-gnu
ac_cv_objext=o
ac_cv_path_EGREP='/bin/grep -E'
ac_cv_path_FGREP='/bin/grep -F'
ac_cv_path_GREP=/bin/grep
ac_cv_path_SED=/bin/sed
ac_cv_path_install='/usr/bin/install -c'
ac_cv_path_lt_DD=/bin/dd
ac_cv_path_mkdir=/bin/mkdir
ac_cv_prog_AWK=gawk
ac_cv_prog_CPP='/usr/bin/cc -E'
ac_cv_prog_ac_ct_AR=ar
ac_cv_prog_ac_ct_CC=/usr/bin/cc
ac_cv_prog_ac_ct_MANIFEST_TOOL=mt
ac_cv_prog_ac_ct_OBJDUMP=objdump
ac_cv_prog_ac_ct_RANLIB=ranlib
ac_cv_prog_ac_ct_STRIP=strip
ac_cv_prog_cc_c89=
ac_cv_prog_cc_g=yes
ac_cv_prog_make_make_set=yes
am_cv_CC_dependencies_compiler_type=gcc3
am_cv_make_support_nested_variables=yes
am_cv_prog_cc_c_o=yes
am_cv_prog_tar_pax=gnutar
lt_cv_ar_at_file=@
lt_cv_archive_cmds_need_lc=no
lt_cv_deplibs_check_method=pass_all
lt_cv_file_magic_cmd='$MAGIC_CMD'
lt_cv_file_magic_test_file=
lt_cv_ld_reload_flag=-r
lt_cv_nm_interface='BSD nm'
lt_cv_objdir=.libs
lt_cv_path_LD=/usr/bin/ld
lt_cv_path_NM='/usr/bin/nm -B'
lt_cv_path_mainfest_tool=no
lt_cv_prog_compiler_c_o=yes
lt_cv_prog_compiler_pic='-fPIC -DPIC'
lt_cv_prog_compiler_pic_works=yes
lt_cv_prog_compiler_rtti_exceptions=no
lt_cv_prog_compiler_static_works=yes
lt_cv_prog_gnu_ld=yes
lt_cv_sharedlib_from_linklib_cmd='printf %s\n'
lt_cv_shlibpath_overrides_runpath=yes
lt_cv_sys_global_symbol_pipe='sed -n -e '\''s/^.*[	 ]\([ABCDGIRSTW][ABCDGIRSTW]*\)[	 ][	 ]*\([_A-Za-z][_A-Za-z0-9]*\)$/\1 \2 \2/p'\'' | sed '\''/ __gnu_lto/d'\'''
lt_cv_sys_global_symbol_to_c_name_address='sed -n -e '\''s/^: \(.*\) .*$/  {"\1", (void *) 0},/p'\'' -e '\''s/^[ABCDGIRSTW][ABCDGIRSTW]* .* \(.*\)$/  {"\1", (void *) \&\1},/p'\'''
lt_cv_sys_global_symbol_to_c_name_address_lib_prefix='sed -n -e '\''s/^: \(.*\) .*$/  {"\1", (void *) 0},/p'\'' -e '\''s/^[ABCDGIRSTW][ABCDGIRSTW]* .* \(lib.*\)$/  {"\1", (void *) \&\1},/p'\'' -e '\''s/^[ABCDGIRSTW][ABCDGIRSTW]* .* \(.*\)$/  {"lib\1", (void *) \&\1},/p'\'''
lt_cv_sys_global_symbol_to_cdecl='sed -n -e '\''s/^T .* \(.*\)$/extern int \1();/p'\'' -e '\''s/^[ABCDGIRSTW][ABCDGIRSTW]* .* \(.*\)$/extern char \1;/p'\'''
lt_cv_sys_global_symbol_to_import=
lt_cv_sys_max_cmd_len=1572864
lt_cv_to_host_file_cmd=func_convert_file_noop
lt_cv_to_tool_file_cmd=func_convert_file_noop
lt_cv_truncate_bin='/bin/dd bs=4096 count=1'

## ----------------- ##
## Output variables. ##
## ----------------- ##

ACLOCAL='${SHELL} /home/alex/Projects/EDGESec/lib/libmnl-1.0.4/build-aux/missing aclocal-1.16'
AMDEPBACKSLASH='\'
AMDEP_FALSE='#'
AMDEP_TRUE=''
AMTAR='$${TAR-tar}'
AM_BACKSLASH='\'
AM_DEFAULT_V='$(AM_DEFAULT_VERBOSITY)'
AM_DEFAULT_VERBOSITY='0'
AM_V='$(V)'
AR='ar'
AUTOCONF='${SHELL} /home/alex/Projects/EDGESec/lib/libmnl-1.0.4/build-aux/missing autoconf'
AUTOHEADER='${SHELL} /home/alex/Projects/EDGESec/lib/libmnl-1.0.4/build-aux/missing autoheader'
AUTOMAKE='${SHELL} /home/alex/Projects/EDGESec/lib/libmnl-1.0.4/build-aux/missing automake-1.16'
AWK='gawk'
CC='/usr/bin/cc'
CCDEPMODE='depmode=gcc3'
CFLAGS='-g -O2'
CPP='/usr/bin/cc -E'
CPPFLAGS=''
CYGPATH_W='echo'
DEFS='-DHAVE_CONFIG_H'
DEPDIR='.deps'
DLLTOOL='false'
DSYMUTIL=''
DUMPBIN=''
ECHO_C=''
ECHO_N='-n'
ECHO_T=''
EGREP='/bin/grep -E'
EXEEXT=''
FGREP='/bin/grep -F'
GCC_FVISIBILITY_HIDDEN='-fvisibility=hidden'
GREP='/bin/grep'
INSTALL_DATA='${INSTALL} -m 644'
INSTALL_PROGRAM='${INSTALL}'
INSTALL_SCRIPT='${INSTALL}'
INSTALL_STRIP_PROGRAM='$(install_sh) -c -s'
LD='/usr/bin/ld -m elf_x86_64'
LDFLAGS=''
LIBOBJS=''
LIBS=''
LIBTOOL='$(SHELL) $(top_builddir)/libtool'
LIPO=''
LN_S='ln -s'
LTLIBOBJS=''
LT_SYS_LIBRARY_PATH=''
MAKEINFO='${SHELL} /home/alex/Projects/EDGESec/lib/libmnl-1.0.4/build-aux/missing makeinfo'
MANIFEST_TOOL=':'
MKDIR_P='/bin/mkdir -p'
NM='/usr/bin/nm -B'
NMEDIT=''
OBJDUMP='objdump'
OBJEXT='o'
OTOOL64=''
OTOOL=''
PACKAGE='libmnl'
PACKAGE_BUGREPORT=''
PACKAGE_NAME='libmnl'
PACKAGE_STRING='libmnl 1.0.4'
PACKAGE_TARNAME='libmnl'
PACKAGE_URL=''
PACKAGE_VERSION='1.0.4'
PATH_SEPARATOR=':'
RANLIB='ranlib'
SED='/bin/sed'
SET_MAKE=''
SHELL='/bin/bash'
STRIP='strip'
VERSION='1.0.4'
ac_ct_AR='ar'
ac_ct_CC='/usr/bin/cc'
ac_ct_DUMPBIN=''
am__EXEEXT_FALSE=''
am__EXEEXT_TRUE='#'
am__fastdepCC_FALSE='#'
am__fastdepCC_TRUE=''
am__include='include'
am__isrc=''
am__leading_dot='.'
am__nodep='_no'
am__quote=''
am__tar='tar --format=posix -chf - "$$tardir"'
am__untar='tar -xf -'
bindir='${exec_prefix}/bin'
build='x86_64-pc-linux-gnu'
build_alias=''
build_cpu='x86_64'
build_os='linux-gnu'
build_vendor='pc'
datadir='${datarootdir}'
datarootdir='${prefix}/share'
docdir='${datarootdir}/doc/${PACKAGE_TARNAME}'
dvidir='${docdir}'
exec_prefix='${prefix}'
host='x86_64-pc-linux-gnu'
host_alias=''
host_cpu='x86_64'
host_os='linux-gnu'
host_vendor='pc'
htmldir='${docdir}'
includedir='${prefix}/include'
infodir='${datarootdir}/info'
install_sh='${SHELL} /home/alex/Projects/EDGESec/lib/libmnl-1.0.4/build-aux/install-sh'
libdir='${exec_prefix}/lib'
libexecdir='${exec_prefix}/libexec'
localedir='${datarootdir}/locale'
localstatedir='${prefix}/var'
mandir='${datarootdir}/man'
mkdir_p='$(MKDIR_P)'
oldincludedir='/usr/include'
pdfdir='${docdir}'
prefix='/home/alex/Projects/EDGESec/lib/libmnl-1.0.4/build'
program_transform_name='s,x,x,'
psdir='${docdir}'
regular_CFLAGS='-Wall -Waggregate-return -Wmissing-declarations 	-Wmissing-prototypes -Wshadow -Wstrict-prototypes 	-Wformat=2 -pipe'
regular_CPPFLAGS='-D_FILE_OFFSET_BITS=64 -D_REENTRANT'
runstatedir='${localstatedir}/run'
sbindir='${exec_prefix}/sbin'
sharedstatedir='${prefix}/com'
sysconfdir='${prefix}/etc'
target_alias=''

## ----------- ##
## confdefs.h. ##
## ----------- ##

/* confdefs.h */
#define PACKAGE_NAME "libmnl"
#define PACKAGE_TARNAME "libmnl"
#define PACKAGE_VERSION "1.0.4"
#define PACKAGE_STRING "libmnl 1.0.4"
#define PACKAGE_BUGREPORT ""
#define PACKAGE_URL ""
#define PACKAGE "libmnl"
#define VERSION "1.0.4"
#define STDC_HEADERS 1
#define HAVE_SYS_TYPES_H 1
#define HAVE_SYS_STAT_H 1
#define HAVE_STDLIB_H 1
#define HAVE_STRING_H 1
#define HAVE_MEMORY_H 1
#define HAVE_STRINGS_H 1
#define HAVE_INTTYPES_H 1
#define HAVE_STDINT_H 1
#define HAVE_UNISTD_H 1
#define HAVE_DLFCN_H 1
#define LT_OBJDIR ".libs/"
#define HAVE_VISIBILITY_HIDDEN 1

configure: exit 0

## ---------------------- ##
## Running config.status. ##
## ---------------------- ##

This file was extended by libmnl config.status 1.0.4, which was
generated by GNU Autoconf 2.69.  Invocation command line was

  CONFIG_FILES    = 
  CONFIG_HEADERS  = 
  CONFIG_LINKS    = 
  CONFIG_COMMANDS = 
  $ ./config.status 

on alex-XPS-13-9350

config.status:1096: creating Makefile
config.status:1096: creating src/Makefile
config.status:1096: creating include/Makefile
config.status:1096: creating include/libmnl/Makefile
config.status:1096: creating include/linux/Makefile
config.status:1096: creating include/linux/netfilter/Makefile
config.status:1096: creating examples/Makefile
config.status:1096: creating examples/genl/Makefile
config.status:1096: creating examples/kobject/Makefile
config.status:1096: creating examples/netfilter/Makefile
config.status:1096: creating examples/rtnl/Makefile
config.status:1096: creating libmnl.pc
config.status:1096: creating doxygen.cfg
config.status:1096: creating config.h
config.status:1277: config.h is unchanged
config.status:1325: executing depfiles commands
config.status:1402: cd src       && sed -e '/# am--include-marker/d' Makefile         | make -f - am--depfiles
make[1]: Entering directory '/home/alex/Projects/EDGESec/lib/libmnl-1.0.4/src'
make[1]: Nothing to be done for 'am--depfiles'.
make[1]: Leaving directory '/home/alex/Projects/EDGESec/lib/libmnl-1.0.4/src'
config.status:1407: $? = 0
config.status:1402: cd examples/genl       && sed -e '/# am--include-marker/d' Makefile         | make -f - am--depfiles
make[1]: Entering directory '/home/alex/Projects/EDGESec/lib/libmnl-1.0.4/examples/genl'
make[1]: Nothing to be done for 'am--depfiles'.
make[1]: Leaving directory '/home/alex/Projects/EDGESec/lib/libmnl-1.0.4/examples/genl'
config.status:1407: $? = 0
config.status:1402: cd examples/kobject       && sed -e '/# am--include-marker/d' Makefile         | make -f - am--depfiles
make[1]: Entering directory '/home/alex/Projects/EDGESec/lib/libmnl-1.0.4/examples/kobject'
make[1]: Nothing to be done for 'am--depfiles'.
make[1]: Leaving directory '/home/alex/Projects/EDGESec/lib/libmnl-1.0.4/examples/kobject'
config.status:1407: $? = 0
config.status:1402: cd examples/netfilter       && sed -e '/# am--include-marker/d' Makefile         | make -f - am--depfiles
make[1]: Entering directory '/home/alex/Projects/EDGESec/lib/libmnl-1.0.4/examples/netfilter'
make[1]: Nothing to be done for 'am--depfiles'.
make[1]: Leaving directory '/home/alex/Projects/EDGESec/lib/libmnl-1.0.4/examples/netfilter'
config.status:1407: $? = 0
config.status:1402: cd examples/rtnl       && sed -e '/# am--include-marker/d' Makefile         | make -f - am--depfiles
make[1]: Entering directory '/home/alex/Projects/EDGESec/lib/libmnl-1.0.4/examples/rtnl'
make[1]: Nothing to be done for 'am--depfiles'.
make[1]: Leaving directory '/home/alex/Projects/EDGESec/lib/libmnl-1.0.4/examples/rtnl'
config.status:1407: $? = 0
config.status:1325: executing libtool commands

## ---------------------- ##
## Running config.status. ##
## ---------------------- ##

This file was extended by libmnl config.status 1.0.4, which was
generated by GNU Autoconf 2.69.  Invocation command line was

  CONFIG_FILES    = 
  CONFIG_HEADERS  = 
  CONFIG_LINKS    = 
  CONFIG_COMMANDS = 
  $ ./config.status config.h

on alex-XPS-13-9350

config.status:1096: creating config.h
config.status:1277: config.h is unchanged
